2018-05-30 12:48:35 - MOD: Modification Default

FILE: system/engine/action.php
REGEX: ~(require|include)(_once)?\(([^)]+)~
LINE: 41

FILE: system/engine/loader.php
REGEX: ~(require|include)(_once)?\(([^)]+)~
LINE: 49
LINE: 108
LINE: 120
LINE: 165

FILE: system/library/config.php
REGEX: ~(require|include)(_once)?\(([^)]+)~
LINE: 23

FILE: system/library/language.php
REGEX: ~(require|include)(_once)?\(([^)]+)~
LINE: 38
LINE: 40
LINE: 49
LINE: 51
LINE: 60
LINE: 62

FILE: system/library/template/php.php
REGEX: ~(require|include)(_once)?\(([^)]+)~
LINE: 18

FILE: system/library/template/tiwg.php
REGEX: ~(require|include)(_once)?\(([^)]+)~
LINE: 24
----------------------------------------------------------------
MOD: Simplica Theme

FILE: catalog/view/theme/simplica/template/common/cart.tpl
CODE: <div id="cart" class="btn-group btn-block">
LINE: 0

FILE: catalog/controller/extension/module/carousel.php
CODE: $this->document->addStyle('catalog/view/javascript/jquery/owl-carousel/owl.carousel.css');
LINE: 8

FILE: catalog/controller/extension/module/banner.php
CODE: $this->document->addStyle('catalog/view/javascript/jquery/owl-carousel/owl.carousel.css');
LINE: 8

FILE: catalog/controller/extension/module/slideshow.php
CODE: $this->document->addStyle('catalog/view/javascript/jquery/owl-carousel/owl.carousel.css');
LINE: 8

FILE: catalog/view/theme/default/template/common/footer.tpl

FILE: catalog/view/theme/simplica/template/common/footer.tpl
----------------------------------------------------------------
MOD: One page checkout

FILE: catalog/controller/common/cart.php
CODE: $data['checkout'] = $this->url->link('checkout/checkout', '', true);
LINE: 140

FILE: catalog/controller/common/header.php
CODE: $data['checkout'] = $this->url->link('checkout/checkout', '', true);
LINE: 83

FILE: catalog/controller/checkout/cart.php
CODE: $data['checkout'] = $this->url->link('checkout/checkout', '', true);
LINE: 235
----------------------------------------------------------------
MOD: Simplica Theme
CODE: <div id="cart" class="btn-group btn-block">
NOT FOUND - OPERATIONS ABORTED!
CODE: $this->document->addStyle('catalog/view/javascript/jquery/owl-carousel/owl.carousel.css');
NOT FOUND - OPERATIONS ABORTED!
CODE: $this->document->addStyle('catalog/view/javascript/jquery/owl-carousel/owl.carousel.css');
NOT FOUND - OPERATIONS ABORTED!
CODE: $this->document->addStyle('catalog/view/javascript/jquery/owl-carousel/owl.carousel.css');
NOT FOUND - OPERATIONS ABORTED!
CODE: <p class="pull-left"><?php echo $powered; ?></p>
NOT FOUND - OPERATIONS ABORTED!
CODE: <p class="pull-left"><?php echo $powered; ?></p>
LINE: 42
----------------------------------------------------------------
